<?xml version="1.0" encoding="UTF-8"?>
<!-- Generated by org.testng.reporters.JUnitReportReporter -->
<testsuite hostname="Herdians-Air" name="com.browserstack.run_first_test.FirstTest" tests="1" failures="0" timestamp="5 Aug 2022 14:29:45 GMT" time="48.309" errors="0">
  <testcase name="test" time="48.309" classname="com.browserstack.run_first_test.FirstTest"/>
</testsuite> <!-- com.browserstack.run_first_test.FirstTest -->
