<?xml version="1.0" encoding="UTF-8"?>
<!-- Generated by org.testng.reporters.JUnitReportReporter -->
<testsuite hostname="Herdians-Air" name="com.browserstack.run_second_test.SecondTest" tests="1" failures="0" timestamp="6 Aug 2022 14:03:36 GMT" time="31.099" errors="0">
  <testcase name="test" time="31.099" classname="com.browserstack.run_second_test.SecondTest"/>
</testsuite> <!-- com.browserstack.run_second_test.SecondTest -->
